<?xml version="1.0" encoding="UTF-8"?>
<coverage generated="1767958040660" clover="3.2.0">
  <project timestamp="1767958040660" name="All files">
    <metrics statements="60" coveredstatements="59" conditionals="26" coveredconditionals="25" methods="20" coveredmethods="20" elements="106" coveredelements="104" complexity="0" loc="60" ncloc="60" packages="2" files="4" classes="4"/>
    <package name="components.testing">
      <metrics statements="50" coveredstatements="49" conditionals="25" coveredconditionals="24" methods="13" coveredmethods="13"/>
      <file name="Counter.jsx" path="/Users/Bina/Documents/python-learning/week4/react-basics/src/components/testing/Counter.jsx">
        <metrics statements="5" coveredstatements="5" conditionals="1" coveredconditionals="1" methods="4" coveredmethods="4"/>
        <line num="6" count="12" type="stmt"/>
        <line num="8" count="12" type="stmt"/>
        <line num="12" count="4" type="stmt"/>
        <line num="13" count="1" type="stmt"/>
        <line num="14" count="1" type="stmt"/>
      </file>
      <file name="LoginForm.jsx" path="/Users/Bina/Documents/python-learning/week4/react-basics/src/components/testing/LoginForm.jsx">
        <metrics statements="23" coveredstatements="22" conditionals="18" coveredconditionals="17" methods="5" coveredmethods="5"/>
        <line num="6" count="103" type="stmt"/>
        <line num="7" count="103" type="stmt"/>
        <line num="8" count="103" type="stmt"/>
        <line num="10" count="103" type="stmt"/>
        <line num="11" count="5" type="stmt"/>
        <line num="13" count="5" type="cond" truecount="2" falsecount="0"/>
        <line num="14" count="2" type="stmt"/>
        <line num="15" count="3" type="cond" truecount="1" falsecount="1"/>
        <line num="17" count="0" type="stmt"/>
        <line num="20" count="5" type="cond" truecount="2" falsecount="0"/>
        <line num="21" count="3" type="stmt"/>
        <line num="22" count="2" type="cond" truecount="2" falsecount="0"/>
        <line num="23" count="1" type="stmt"/>
        <line num="26" count="5" type="stmt"/>
        <line num="29" count="103" type="stmt"/>
        <line num="30" count="5" type="stmt"/>
        <line num="32" count="5" type="stmt"/>
        <line num="33" count="5" type="stmt"/>
        <line num="35" count="5" type="cond" truecount="2" falsecount="0"/>
        <line num="36" count="1" type="stmt"/>
        <line num="40" count="103" type="stmt"/>
        <line num="50" count="64" type="stmt"/>
        <line num="66" count="27" type="stmt"/>
      </file>
      <file name="UserList.jsx" path="/Users/Bina/Documents/python-learning/week4/react-basics/src/components/testing/UserList.jsx">
        <metrics statements="22" coveredstatements="22" conditionals="6" coveredconditionals="6" methods="4" coveredmethods="4"/>
        <line num="6" count="13" type="stmt"/>
        <line num="7" count="13" type="stmt"/>
        <line num="8" count="13" type="stmt"/>
        <line num="10" count="13" type="stmt"/>
        <line num="11" count="6" type="stmt"/>
        <line num="14" count="13" type="stmt"/>
        <line num="15" count="7" type="stmt"/>
        <line num="16" count="7" type="stmt"/>
        <line num="17" count="7" type="stmt"/>
        <line num="19" count="7" type="stmt"/>
        <line num="21" count="4" type="cond" truecount="2" falsecount="0"/>
        <line num="22" count="1" type="stmt"/>
        <line num="25" count="3" type="stmt"/>
        <line num="26" count="3" type="stmt"/>
        <line num="28" count="3" type="stmt"/>
        <line num="30" count="6" type="stmt"/>
        <line num="34" count="13" type="cond" truecount="2" falsecount="0"/>
        <line num="35" count="7" type="stmt"/>
        <line num="38" count="6" type="cond" truecount="2" falsecount="0"/>
        <line num="39" count="3" type="stmt"/>
        <line num="47" count="3" type="stmt"/>
        <line num="52" count="3" type="stmt"/>
      </file>
    </package>
    <package name="hooks">
      <metrics statements="10" coveredstatements="10" conditionals="1" coveredconditionals="1" methods="7" coveredmethods="7"/>
      <file name="useCounter.js" path="/Users/Bina/Documents/python-learning/week4/react-basics/src/hooks/useCounter.js">
        <metrics statements="10" coveredstatements="10" conditionals="1" coveredconditionals="1" methods="7" coveredmethods="7"/>
        <line num="6" count="13" type="stmt"/>
        <line num="8" count="13" type="stmt"/>
        <line num="9" count="6" type="stmt"/>
        <line num="12" count="13" type="stmt"/>
        <line num="13" count="2" type="stmt"/>
        <line num="16" count="13" type="stmt"/>
        <line num="17" count="1" type="stmt"/>
        <line num="20" count="13" type="stmt"/>
        <line num="21" count="2" type="stmt"/>
        <line num="24" count="13" type="stmt"/>
      </file>
    </package>
  </project>
</coverage>
