{"/Users/Bina/Documents/python-learning/week4/react-basics/src/components/testing/Counter.jsx": {"path":"/Users/Bina/Documents/python-learning/week4/react-basics/src/components/testing/Counter.jsx","statementMap":{"0":{"start":{"line":6,"column":26},"end":{"line":6,"column":null}},"1":{"start":{"line":8,"column":4},"end":{"line":15,"column":null}},"2":{"start":{"line":12,"column":35},"end":{"line":12,"column":56}},"3":{"start":{"line":13,"column":35},"end":{"line":13,"column":56}},"4":{"start":{"line":14,"column":35},"end":{"line":14,"column":48}}},"fnMap":{"0":{"name":"Counter","decl":{"start":{"line":5,"column":9},"end":{"line":5,"column":17}},"loc":{"start":{"line":5,"column":39},"end":{"line":17,"column":null}},"line":5},"1":{"name":"(anonymous_1)","decl":{"start":{"line":12,"column":29},"end":{"line":12,"column":35}},"loc":{"start":{"line":12,"column":35},"end":{"line":12,"column":56}},"line":12},"2":{"name":"(anonymous_2)","decl":{"start":{"line":13,"column":29},"end":{"line":13,"column":35}},"loc":{"start":{"line":13,"column":35},"end":{"line":13,"column":56}},"line":13},"3":{"name":"(anonymous_3)","decl":{"start":{"line":14,"column":29},"end":{"line":14,"column":35}},"loc":{"start":{"line":14,"column":35},"end":{"line":14,"column":48}},"line":14}},"branchMap":{"0":{"loc":{"start":{"line":5,"column":19},"end":{"line":5,"column":36}},"type":"default-arg","locations":[{"start":{"line":5,"column":34},"end":{"line":5,"column":36}}],"line":5}},"s":{"0":12,"1":12,"2":4,"3":1,"4":1},"f":{"0":12,"1":4,"2":1,"3":1},"b":{"0":[12]},"meta":{"lastBranch":1,"lastFunction":4,"lastStatement":5,"seen":{"f:5:9:5:17":0,"b:5:34:5:36":0,"s:6:26:6:Infinity":0,"s:8:4:15:Infinity":1,"f:12:29:12:35":1,"s:12:35:12:56":2,"f:13:29:13:35":2,"s:13:35:13:56":3,"f:14:29:14:35":3,"s:14:35:14:48":4}}}
,"/Users/Bina/Documents/python-learning/week4/react-basics/src/components/testing/LoginForm.jsx": {"path":"/Users/Bina/Documents/python-learning/week4/react-basics/src/components/testing/LoginForm.jsx","statementMap":{"0":{"start":{"line":6,"column":26},"end":{"line":6,"column":null}},"1":{"start":{"line":7,"column":32},"end":{"line":7,"column":null}},"2":{"start":{"line":8,"column":28},"end":{"line":8,"column":null}},"3":{"start":{"line":10,"column":21},"end":{"line":27,"column":null}},"4":{"start":{"line":11,"column":26},"end":{"line":11,"column":null}},"5":{"start":{"line":13,"column":8},"end":{"line":18,"column":null}},"6":{"start":{"line":14,"column":12},"end":{"line":14,"column":null}},"7":{"start":{"line":15,"column":8},"end":{"line":18,"column":null}},"8":{"start":{"line":17,"column":12},"end":{"line":17,"column":null}},"9":{"start":{"line":20,"column":8},"end":{"line":24,"column":null}},"10":{"start":{"line":21,"column":12},"end":{"line":21,"column":null}},"11":{"start":{"line":22,"column":8},"end":{"line":24,"column":null}},"12":{"start":{"line":23,"column":12},"end":{"line":23,"column":null}},"13":{"start":{"line":26,"column":8},"end":{"line":26,"column":null}},"14":{"start":{"line":29,"column":25},"end":{"line":38,"column":null}},"15":{"start":{"line":30,"column":8},"end":{"line":30,"column":null}},"16":{"start":{"line":32,"column":26},"end":{"line":32,"column":null}},"17":{"start":{"line":33,"column":8},"end":{"line":33,"column":null}},"18":{"start":{"line":35,"column":8},"end":{"line":37,"column":null}},"19":{"start":{"line":36,"column":12},"end":{"line":36,"column":null}},"20":{"start":{"line":40,"column":4},"end":{"line":77,"column":null}},"21":{"start":{"line":50,"column":37},"end":{"line":50,"column":null}},"22":{"start":{"line":66,"column":37},"end":{"line":66,"column":null}}},"fnMap":{"0":{"name":"LoginForm","decl":{"start":{"line":5,"column":9},"end":{"line":5,"column":19}},"loc":{"start":{"line":5,"column":33},"end":{"line":79,"column":null}},"line":5},"1":{"name":"(anonymous_1)","decl":{"start":{"line":10,"column":21},"end":{"line":10,"column":27}},"loc":{"start":{"line":10,"column":27},"end":{"line":27,"column":null}},"line":10},"2":{"name":"(anonymous_2)","decl":{"start":{"line":29,"column":25},"end":{"line":29,"column":26}},"loc":{"start":{"line":29,"column":32},"end":{"line":38,"column":null}},"line":29},"3":{"name":"(anonymous_3)","decl":{"start":{"line":50,"column":30},"end":{"line":50,"column":31}},"loc":{"start":{"line":50,"column":37},"end":{"line":50,"column":null}},"line":50},"4":{"name":"(anonymous_4)","decl":{"start":{"line":66,"column":30},"end":{"line":66,"column":31}},"loc":{"start":{"line":66,"column":37},"end":{"line":66,"column":null}},"line":66}},"branchMap":{"0":{"loc":{"start":{"line":13,"column":8},"end":{"line":18,"column":null}},"type":"if","locations":[{"start":{"line":13,"column":8},"end":{"line":18,"column":null}},{"start":{"line":15,"column":8},"end":{"line":18,"column":null}}],"line":13},"1":{"loc":{"start":{"line":15,"column":8},"end":{"line":18,"column":null}},"type":"if","locations":[{"start":{"line":15,"column":8},"end":{"line":18,"column":null}},{"start":{},"end":{}}],"line":15},"2":{"loc":{"start":{"line":20,"column":8},"end":{"line":24,"column":null}},"type":"if","locations":[{"start":{"line":20,"column":8},"end":{"line":24,"column":null}},{"start":{"line":22,"column":8},"end":{"line":24,"column":null}}],"line":20},"3":{"loc":{"start":{"line":22,"column":8},"end":{"line":24,"column":null}},"type":"if","locations":[{"start":{"line":22,"column":8},"end":{"line":24,"column":null}},{"start":{},"end":{}}],"line":22},"4":{"loc":{"start":{"line":35,"column":8},"end":{"line":37,"column":null}},"type":"if","locations":[{"start":{"line":35,"column":8},"end":{"line":37,"column":null}},{"start":{},"end":{}}],"line":35},"5":{"loc":{"start":{"line":51,"column":34},"end":{"line":51,"column":null}},"type":"cond-expr","locations":[{"start":{"line":51,"column":49},"end":{"line":51,"column":58}},{"start":{"line":51,"column":58},"end":{"line":51,"column":null}}],"line":51},"6":{"loc":{"start":{"line":53,"column":17},"end":{"line":56,"column":null}},"type":"binary-expr","locations":[{"start":{"line":53,"column":17},"end":{"line":53,"column":null}},{"start":{"line":54,"column":20},"end":{"line":56,"column":null}}],"line":53},"7":{"loc":{"start":{"line":67,"column":34},"end":{"line":67,"column":null}},"type":"cond-expr","locations":[{"start":{"line":67,"column":52},"end":{"line":67,"column":61}},{"start":{"line":67,"column":61},"end":{"line":67,"column":null}}],"line":67},"8":{"loc":{"start":{"line":69,"column":17},"end":{"line":72,"column":null}},"type":"binary-expr","locations":[{"start":{"line":69,"column":17},"end":{"line":69,"column":null}},{"start":{"line":70,"column":20},"end":{"line":72,"column":null}}],"line":69}},"s":{"0":103,"1":103,"2":103,"3":103,"4":5,"5":5,"6":2,"7":3,"8":0,"9":5,"10":3,"11":2,"12":1,"13":5,"14":103,"15":5,"16":5,"17":5,"18":5,"19":1,"20":103,"21":64,"22":27},"f":{"0":103,"1":5,"2":5,"3":64,"4":27},"b":{"0":[2,3],"1":[0,3],"2":[3,2],"3":[1,1],"4":[1,4],"5":[2,101],"6":[103,2],"7":[4,99],"8":[103,4]},"meta":{"lastBranch":9,"lastFunction":5,"lastStatement":23,"seen":{"f:5:9:5:19":0,"s:6:26:6:Infinity":0,"s:7:32:7:Infinity":1,"s:8:28:8:Infinity":2,"s:10:21:27:Infinity":3,"f:10:21:10:27":1,"s:11:26:11:Infinity":4,"b:13:8:18:Infinity:15:8:18:Infinity":0,"s:13:8:18:Infinity":5,"s:14:12:14:Infinity":6,"b:15:8:18:Infinity:undefined:undefined:undefined:undefined":1,"s:15:8:18:Infinity":7,"s:17:12:17:Infinity":8,"b:20:8:24:Infinity:22:8:24:Infinity":2,"s:20:8:24:Infinity":9,"s:21:12:21:Infinity":10,"b:22:8:24:Infinity:undefined:undefined:undefined:undefined":3,"s:22:8:24:Infinity":11,"s:23:12:23:Infinity":12,"s:26:8:26:Infinity":13,"s:29:25:38:Infinity":14,"f:29:25:29:26":2,"s:30:8:30:Infinity":15,"s:32:26:32:Infinity":16,"s:33:8:33:Infinity":17,"b:35:8:37:Infinity:undefined:undefined:undefined:undefined":4,"s:35:8:37:Infinity":18,"s:36:12:36:Infinity":19,"s:40:4:77:Infinity":20,"f:50:30:50:31":3,"s:50:37:50:Infinity":21,"b:51:49:51:58:51:58:51:Infinity":5,"b:53:17:53:Infinity:54:20:56:Infinity":6,"f:66:30:66:31":4,"s:66:37:66:Infinity":22,"b:67:52:67:61:67:61:67:Infinity":7,"b:69:17:69:Infinity:70:20:72:Infinity":8}}}
,"/Users/Bina/Documents/python-learning/week4/react-basics/src/components/testing/UserList.jsx": {"path":"/Users/Bina/Documents/python-learning/week4/react-basics/src/components/testing/UserList.jsx","statementMap":{"0":{"start":{"line":6,"column":26},"end":{"line":6,"column":null}},"1":{"start":{"line":7,"column":30},"end":{"line":7,"column":null}},"2":{"start":{"line":8,"column":26},"end":{"line":8,"column":null}},"3":{"start":{"line":10,"column":4},"end":{"line":12,"column":null}},"4":{"start":{"line":11,"column":8},"end":{"line":11,"column":null}},"5":{"start":{"line":14,"column":23},"end":{"line":32,"column":null}},"6":{"start":{"line":15,"column":8},"end":{"line":31,"column":null}},"7":{"start":{"line":16,"column":12},"end":{"line":16,"column":null}},"8":{"start":{"line":17,"column":12},"end":{"line":17,"column":null}},"9":{"start":{"line":19,"column":29},"end":{"line":19,"column":null}},"10":{"start":{"line":21,"column":12},"end":{"line":23,"column":null}},"11":{"start":{"line":22,"column":16},"end":{"line":22,"column":null}},"12":{"start":{"line":25,"column":25},"end":{"line":25,"column":null}},"13":{"start":{"line":26,"column":12},"end":{"line":26,"column":null}},"14":{"start":{"line":28,"column":12},"end":{"line":28,"column":null}},"15":{"start":{"line":30,"column":12},"end":{"line":30,"column":null}},"16":{"start":{"line":34,"column":4},"end":{"line":36,"column":null}},"17":{"start":{"line":35,"column":8},"end":{"line":35,"column":null}},"18":{"start":{"line":38,"column":4},"end":{"line":45,"column":null}},"19":{"start":{"line":39,"column":8},"end":{"line":43,"column":null}},"20":{"start":{"line":47,"column":4},"end":{"line":57,"column":null}},"21":{"start":{"line":52,"column":20},"end":{"line":54,"column":null}}},"fnMap":{"0":{"name":"UserList","decl":{"start":{"line":5,"column":9},"end":{"line":5,"column":20}},"loc":{"start":{"line":5,"column":20},"end":{"line":59,"column":null}},"line":5},"1":{"name":"(anonymous_1)","decl":{"start":{"line":10,"column":14},"end":{"line":10,"column":20}},"loc":{"start":{"line":10,"column":20},"end":{"line":12,"column":7}},"line":10},"2":{"name":"(anonymous_2)","decl":{"start":{"line":14,"column":23},"end":{"line":14,"column":35}},"loc":{"start":{"line":14,"column":35},"end":{"line":32,"column":null}},"line":14},"3":{"name":"(anonymous_3)","decl":{"start":{"line":51,"column":27},"end":{"line":51,"column":28}},"loc":{"start":{"line":52,"column":20},"end":{"line":54,"column":null}},"line":52}},"branchMap":{"0":{"loc":{"start":{"line":21,"column":12},"end":{"line":23,"column":null}},"type":"if","locations":[{"start":{"line":21,"column":12},"end":{"line":23,"column":null}},{"start":{},"end":{}}],"line":21},"1":{"loc":{"start":{"line":34,"column":4},"end":{"line":36,"column":null}},"type":"if","locations":[{"start":{"line":34,"column":4},"end":{"line":36,"column":null}},{"start":{},"end":{}}],"line":34},"2":{"loc":{"start":{"line":38,"column":4},"end":{"line":45,"column":null}},"type":"if","locations":[{"start":{"line":38,"column":4},"end":{"line":45,"column":null}},{"start":{},"end":{}}],"line":38}},"s":{"0":13,"1":13,"2":13,"3":13,"4":6,"5":13,"6":7,"7":7,"8":7,"9":7,"10":4,"11":1,"12":3,"13":3,"14":3,"15":6,"16":13,"17":7,"18":6,"19":3,"20":3,"21":3},"f":{"0":13,"1":6,"2":7,"3":3},"b":{"0":[1,3],"1":[7,6],"2":[3,3]},"meta":{"lastBranch":3,"lastFunction":4,"lastStatement":22,"seen":{"f:5:9:5:20":0,"s:6:26:6:Infinity":0,"s:7:30:7:Infinity":1,"s:8:26:8:Infinity":2,"s:10:4:12:Infinity":3,"f:10:14:10:20":1,"s:11:8:11:Infinity":4,"s:14:23:32:Infinity":5,"f:14:23:14:35":2,"s:15:8:31:Infinity":6,"s:16:12:16:Infinity":7,"s:17:12:17:Infinity":8,"s:19:29:19:Infinity":9,"b:21:12:23:Infinity:undefined:undefined:undefined:undefined":0,"s:21:12:23:Infinity":10,"s:22:16:22:Infinity":11,"s:25:25:25:Infinity":12,"s:26:12:26:Infinity":13,"s:28:12:28:Infinity":14,"s:30:12:30:Infinity":15,"b:34:4:36:Infinity:undefined:undefined:undefined:undefined":1,"s:34:4:36:Infinity":16,"s:35:8:35:Infinity":17,"b:38:4:45:Infinity:undefined:undefined:undefined:undefined":2,"s:38:4:45:Infinity":18,"s:39:8:43:Infinity":19,"s:47:4:57:Infinity":20,"f:51:27:51:28":3,"s:52:20:54:Infinity":21}}}
,"/Users/Bina/Documents/python-learning/week4/react-basics/src/hooks/useCounter.js": {"path":"/Users/Bina/Documents/python-learning/week4/react-basics/src/hooks/useCounter.js","statementMap":{"0":{"start":{"line":6,"column":29},"end":{"line":6,"column":52}},"1":{"start":{"line":8,"column":21},"end":{"line":10,"column":10}},"2":{"start":{"line":9,"column":8},"end":{"line":9,"column":null}},"3":{"start":{"line":9,"column":24},"end":{"line":9,"column":29}},"4":{"start":{"line":12,"column":21},"end":{"line":14,"column":10}},"5":{"start":{"line":13,"column":8},"end":{"line":13,"column":null}},"6":{"start":{"line":13,"column":24},"end":{"line":13,"column":29}},"7":{"start":{"line":16,"column":17},"end":{"line":18,"column":22}},"8":{"start":{"line":17,"column":8},"end":{"line":17,"column":null}},"9":{"start":{"line":20,"column":20},"end":{"line":22,"column":10}},"10":{"start":{"line":21,"column":8},"end":{"line":21,"column":null}},"11":{"start":{"line":24,"column":4},"end":{"line":30,"column":null}}},"fnMap":{"0":{"name":"useCounter","decl":{"start":{"line":5,"column":9},"end":{"line":5,"column":19}},"loc":{"start":{"line":5,"column":38},"end":{"line":31,"column":null}},"line":5},"1":{"name":"(anonymous_1)","decl":{"start":{"line":8,"column":34},"end":{"line":8,"column":35}},"loc":{"start":{"line":8,"column":40},"end":{"line":10,"column":5}},"line":8},"2":{"name":"(anonymous_2)","decl":{"start":{"line":9,"column":17},"end":{"line":9,"column":18}},"loc":{"start":{"line":9,"column":24},"end":{"line":9,"column":29}},"line":9},"3":{"name":"(anonymous_3)","decl":{"start":{"line":12,"column":34},"end":{"line":12,"column":35}},"loc":{"start":{"line":12,"column":40},"end":{"line":14,"column":5}},"line":12},"4":{"name":"(anonymous_4)","decl":{"start":{"line":13,"column":17},"end":{"line":13,"column":18}},"loc":{"start":{"line":13,"column":24},"end":{"line":13,"column":29}},"line":13},"5":{"name":"(anonymous_5)","decl":{"start":{"line":16,"column":30},"end":{"line":16,"column":31}},"loc":{"start":{"line":16,"column":36},"end":{"line":18,"column":5}},"line":16},"6":{"name":"(anonymous_6)","decl":{"start":{"line":20,"column":33},"end":{"line":20,"column":34}},"loc":{"start":{"line":20,"column":44},"end":{"line":22,"column":5}},"line":20}},"branchMap":{"0":{"loc":{"start":{"line":5,"column":20},"end":{"line":5,"column":36}},"type":"default-arg","locations":[{"start":{"line":5,"column":35},"end":{"line":5,"column":36}}],"line":5}},"s":{"0":13,"1":13,"2":6,"3":6,"4":13,"5":2,"6":2,"7":13,"8":1,"9":13,"10":2,"11":13},"f":{"0":13,"1":6,"2":6,"3":2,"4":2,"5":1,"6":2},"b":{"0":[13]},"meta":{"lastBranch":1,"lastFunction":7,"lastStatement":12,"seen":{"f:5:9:5:19":0,"b:5:35:5:36":0,"s:6:29:6:52":0,"s:8:21:10:10":1,"f:8:34:8:35":1,"s:9:8:9:Infinity":2,"f:9:17:9:18":2,"s:9:24:9:29":3,"s:12:21:14:10":4,"f:12:34:12:35":3,"s:13:8:13:Infinity":5,"f:13:17:13:18":4,"s:13:24:13:29":6,"s:16:17:18:22":7,"f:16:30:16:31":5,"s:17:8:17:Infinity":8,"s:20:20:22:10":9,"f:20:33:20:34":6,"s:21:8:21:Infinity":10,"s:24:4:30:Infinity":11}}}
}
